Line 25: Class SHDocVwCtl.WebBrowser of control WebBrowser4 was not a loaded control class.
Line 112: Class SHDocVwCtl.WebBrowser of control WebBrowser3 was not a loaded control class.
Line 137: Class SHDocVwCtl.WebBrowser of control WebBrowser1 was not a loaded control class.
Line 31: The property name ExtentX in WebBrowser4 is invalid.
Line 32: The property name ExtentY in WebBrowser4 is invalid.
Line 33: The property name ViewMode in WebBrowser4 is invalid.
Line 34: The property name Offline in WebBrowser4 is invalid.
Line 35: The property name Silent in WebBrowser4 is invalid.
Line 36: The property name RegisterAsBrowser in WebBrowser4 is invalid.
Line 37: The property name RegisterAsDropTarget in WebBrowser4 is invalid.
Line 38: The property name AutoArrange in WebBrowser4 is invalid.
Line 39: The property name NoClientEdge in WebBrowser4 is invalid.
Line 40: The property name AlignLeft in WebBrowser4 is invalid.
Line 41: The property name NoWebView in WebBrowser4 is invalid.
Line 42: The property name HideFileNames in WebBrowser4 is invalid.
Line 43: The property name SingleClick in WebBrowser4 is invalid.
Line 44: The property name SingleSelection in WebBrowser4 is invalid.
Line 45: The property name NoFolders in WebBrowser4 is invalid.
Line 46: The property name Transparent in WebBrowser4 is invalid.
Line 47: The property name ViewID in WebBrowser4 is invalid.
Line 48: The property name Location in WebBrowser4 is invalid.
Line 118: The property name ExtentX in WebBrowser3 is invalid.
Line 119: The property name ExtentY in WebBrowser3 is invalid.
Line 120: The property name ViewMode in WebBrowser3 is invalid.
Line 121: The property name Offline in WebBrowser3 is invalid.
Line 122: The property name Silent in WebBrowser3 is invalid.
Line 123: The property name RegisterAsBrowser in WebBrowser3 is invalid.
Line 124: The property name RegisterAsDropTarget in WebBrowser3 is invalid.
Line 125: The property name AutoArrange in WebBrowser3 is invalid.
Line 126: The property name NoClientEdge in WebBrowser3 is invalid.
Line 127: The property name AlignLeft in WebBrowser3 is invalid.
Line 128: The property name NoWebView in WebBrowser3 is invalid.
Line 129: The property name HideFileNames in WebBrowser3 is invalid.
Line 130: The property name SingleClick in WebBrowser3 is invalid.
Line 131: The property name SingleSelection in WebBrowser3 is invalid.
Line 132: The property name NoFolders in WebBrowser3 is invalid.
Line 133: The property name Transparent in WebBrowser3 is invalid.
Line 134: The property name ViewID in WebBrowser3 is invalid.
Line 135: The property name Location in WebBrowser3 is invalid.
Line 143: The property name ExtentX in WebBrowser1 is invalid.
Line 144: The property name ExtentY in WebBrowser1 is invalid.
Line 145: The property name ViewMode in WebBrowser1 is invalid.
Line 146: The property name Offline in WebBrowser1 is invalid.
Line 147: The property name Silent in WebBrowser1 is invalid.
Line 148: The property name RegisterAsBrowser in WebBrowser1 is invalid.
Line 149: The property name RegisterAsDropTarget in WebBrowser1 is invalid.
Line 150: The property name AutoArrange in WebBrowser1 is invalid.
Line 151: The property name NoClientEdge in WebBrowser1 is invalid.
Line 152: The property name AlignLeft in WebBrowser1 is invalid.
Line 153: The property name NoWebView in WebBrowser1 is invalid.
Line 154: The property name HideFileNames in WebBrowser1 is invalid.
Line 155: The property name SingleClick in WebBrowser1 is invalid.
Line 156: The property name SingleSelection in WebBrowser1 is invalid.
Line 157: The property name NoFolders in WebBrowser1 is invalid.
Line 158: The property name Transparent in WebBrowser1 is invalid.
Line 159: The property name ViewID in WebBrowser1 is invalid.
Line 160: The property name Location in WebBrowser1 is invalid.
Line 31: The property name ExtentX in WebBrowser4 is invalid.
Line 32: The property name ExtentY in WebBrowser4 is invalid.
Line 33: The property name ViewMode in WebBrowser4 is invalid.
Line 34: The property name Offline in WebBrowser4 is invalid.
Line 35: The property name Silent in WebBrowser4 is invalid.
Line 36: The property name RegisterAsBrowser in WebBrowser4 is invalid.
Line 37: The property name RegisterAsDropTarget in WebBrowser4 is invalid.
Line 38: The property name AutoArrange in WebBrowser4 is invalid.
Line 39: The property name NoClientEdge in WebBrowser4 is invalid.
Line 40: The property name AlignLeft in WebBrowser4 is invalid.
Line 41: The property name NoWebView in WebBrowser4 is invalid.
Line 42: The property name HideFileNames in WebBrowser4 is invalid.
Line 43: The property name SingleClick in WebBrowser4 is invalid.
Line 44: The property name SingleSelection in WebBrowser4 is invalid.
Line 45: The property name NoFolders in WebBrowser4 is invalid.
Line 46: The property name Transparent in WebBrowser4 is invalid.
Line 47: The property name ViewID in WebBrowser4 is invalid.
Line 48: The property name Location in WebBrowser4 is invalid.
Line 118: The property name ExtentX in WebBrowser3 is invalid.
Line 119: The property name ExtentY in WebBrowser3 is invalid.
Line 120: The property name ViewMode in WebBrowser3 is invalid.
Line 121: The property name Offline in WebBrowser3 is invalid.
Line 122: The property name Silent in WebBrowser3 is invalid.
Line 123: The property name RegisterAsBrowser in WebBrowser3 is invalid.
Line 124: The property name RegisterAsDropTarget in WebBrowser3 is invalid.
Line 125: The property name AutoArrange in WebBrowser3 is invalid.
Line 126: The property name NoClientEdge in WebBrowser3 is invalid.
Line 127: The property name AlignLeft in WebBrowser3 is invalid.
Line 128: The property name NoWebView in WebBrowser3 is invalid.
Line 129: The property name HideFileNames in WebBrowser3 is invalid.
Line 130: The property name SingleClick in WebBrowser3 is invalid.
Line 131: The property name SingleSelection in WebBrowser3 is invalid.
Line 132: The property name NoFolders in WebBrowser3 is invalid.
Line 133: The property name Transparent in WebBrowser3 is invalid.
Line 134: The property name ViewID in WebBrowser3 is invalid.
Line 135: The property name Location in WebBrowser3 is invalid.
Line 143: The property name ExtentX in WebBrowser1 is invalid.
Line 144: The property name ExtentY in WebBrowser1 is invalid.
Line 145: The property name ViewMode in WebBrowser1 is invalid.
Line 146: The property name Offline in WebBrowser1 is invalid.
Line 147: The property name Silent in WebBrowser1 is invalid.
Line 148: The property name RegisterAsBrowser in WebBrowser1 is invalid.
Line 149: The property name RegisterAsDropTarget in WebBrowser1 is invalid.
Line 150: The property name AutoArrange in WebBrowser1 is invalid.
Line 151: The property name NoClientEdge in WebBrowser1 is invalid.
Line 152: The property name AlignLeft in WebBrowser1 is invalid.
Line 153: The property name NoWebView in WebBrowser1 is invalid.
Line 154: The property name HideFileNames in WebBrowser1 is invalid.
Line 155: The property name SingleClick in WebBrowser1 is invalid.
Line 156: The property name SingleSelection in WebBrowser1 is invalid.
Line 157: The property name NoFolders in WebBrowser1 is invalid.
Line 158: The property name Transparent in WebBrowser1 is invalid.
Line 159: The property name ViewID in WebBrowser1 is invalid.
Line 160: The property name Location in WebBrowser1 is invalid.
